mode: set
github.com\Jopoleon\felianTest\cards\main.go:30.46,33.2 2 1
github.com\Jopoleon\felianTest\cards\main.go:37.47,41.2 1 1
github.com\Jopoleon\felianTest\cards\main.go:44.34,46.2 1 1
github.com\Jopoleon\felianTest\cards\main.go:49.39,51.2 1 1
github.com\Jopoleon\felianTest\cards\main.go:58.44,62.37 3 1
github.com\Jopoleon\felianTest\cards\main.go:76.2,76.25 1 1
github.com\Jopoleon\felianTest\cards\main.go:62.37,64.10 2 1
github.com\Jopoleon\felianTest\cards\main.go:65.19,67.15 1 1
github.com\Jopoleon\felianTest\cards\main.go:68.19,70.16 1 1
github.com\Jopoleon\felianTest\cards\main.go:79.47,86.38 4 1
github.com\Jopoleon\felianTest\cards\main.go:96.2,98.32 3 1
github.com\Jopoleon\felianTest\cards\main.go:86.38,87.39 1 1
github.com\Jopoleon\felianTest\cards\main.go:87.39,88.29 1 1
github.com\Jopoleon\felianTest\cards\main.go:88.29,90.5 1 1
github.com\Jopoleon\felianTest\cards\main.go:90.5,92.5 1 1
github.com\Jopoleon\felianTest\cards\main.go:101.27,102.32 1 1
github.com\Jopoleon\felianTest\cards\main.go:102.32,104.13 2 1
github.com\Jopoleon\felianTest\cards\main.go:104.13,106.4 1 1
github.com\Jopoleon\felianTest\cards\main.go:113.13,117.102 4 0
github.com\Jopoleon\felianTest\cards\main.go:120.2,124.36 4 0
github.com\Jopoleon\felianTest\cards\main.go:127.2,127.37 1 0
github.com\Jopoleon\felianTest\cards\main.go:130.2,130.37 1 0
github.com\Jopoleon\felianTest\cards\main.go:143.2,156.49 11 0
github.com\Jopoleon\felianTest\cards\main.go:117.102,119.3 1 0
github.com\Jopoleon\felianTest\cards\main.go:124.36,126.3 1 0
github.com\Jopoleon\felianTest\cards\main.go:127.37,129.3 1 0
github.com\Jopoleon\felianTest\cards\main.go:130.37,132.32 1 0
github.com\Jopoleon\felianTest\cards\main.go:136.3,136.32 1 0
github.com\Jopoleon\felianTest\cards\main.go:140.3,140.15 1 0
github.com\Jopoleon\felianTest\cards\main.go:132.32,135.4 1 0
github.com\Jopoleon\felianTest\cards\main.go:136.32,139.4 1 0
